c:\users\zeoco\source\repos\magicmousemirrormaze\magicmousemirrormaze\debug\vc141.pdb
c:\users\zeoco\source\repos\magicmousemirrormaze\magicmousemirrormaze\debug\vc141.idb
c:\users\zeoco\source\repos\magicmousemirrormaze\magicmousemirrormaze\debug\userinterfacewindows.obj
c:\users\zeoco\source\repos\magicmousemirrormaze\magicmousemirrormaze\debug\gameboard.obj
c:\users\zeoco\source\repos\magicmousemirrormaze\magicmousemirrormaze\debug\main.obj
c:\users\zeoco\source\repos\magicmousemirrormaze\magicmousemirrormaze\debug\game.obj
c:\users\zeoco\source\repos\magicmousemirrormaze\magicmousemirrormaze\debug\maze.obj
c:\users\zeoco\source\repos\magicmousemirrormaze\magicmousemirrormaze\debug\cheese.obj
c:\users\zeoco\source\repos\magicmousemirrormaze\magicmousemirrormaze\debug\mouse.obj
c:\users\zeoco\source\repos\magicmousemirrormaze\magicmousemirrormaze\debug\actor.obj
c:\users\zeoco\source\repos\magicmousemirrormaze\debug\magicmousemirrormaze.exe
c:\users\zeoco\source\repos\magicmousemirrormaze\debug\magicmousemirrormaze.ilk
c:\users\zeoco\source\repos\magicmousemirrormaze\debug\magicmousemirrormaze.pdb
c:\users\zeoco\source\repos\magicmousemirrormaze\magicmousemirrormaze\debug\game.obj.enc
c:\users\zeoco\source\repos\magicmousemirrormaze\magicmousemirrormaze\debug\magicmou.d0562c99.tlog\cl.command.1.tlog
c:\users\zeoco\source\repos\magicmousemirrormaze\magicmousemirrormaze\debug\magicmou.d0562c99.tlog\cl.read.1.tlog
c:\users\zeoco\source\repos\magicmousemirrormaze\magicmousemirrormaze\debug\magicmou.d0562c99.tlog\cl.write.1.tlog
c:\users\zeoco\source\repos\magicmousemirrormaze\magicmousemirrormaze\debug\magicmou.d0562c99.tlog\link.command.1.tlog
c:\users\zeoco\source\repos\magicmousemirrormaze\magicmousemirrormaze\debug\magicmou.d0562c99.tlog\link.read.1.tlog
c:\users\zeoco\source\repos\magicmousemirrormaze\magicmousemirrormaze\debug\magicmou.d0562c99.tlog\link.write.1.tlog
